2024-04-18 14:56:06,474 - excel_utils.py - line:24 - INFO - 读取F:/shunscomtools/IntegrationTool/build/exe.win-amd64-3.9/副本C.xlsx -19784
2024-04-18 14:57:19,106 - excel_utils.py - line:24 - INFO - 读取F:/shunscomtools/IntegrationTool/build/exe.win-amd64-3.9/副本C.xlsx -6588
2024-04-18 14:58:57,229 - excel_utils.py - line:24 - INFO - 读取F:/shunscomtools/IntegrationTool/build/exe.win-amd64-3.9/副本C.xlsx -6588
2024-04-18 15:02:29,279 - excel_utils.py - line:24 - INFO - 读取F:/shunscomtools/IntegrationTool/build/exe.win-amd64-3.9/副本C.xlsx -33836
2024-04-18 15:04:33,776 - excel_utils.py - line:24 - INFO - 读取F:/shunscomtools/IntegrationTool/build/exe.win-amd64-3.9/副本C.xlsx -26888
2024-04-18 15:07:48,842 - excel_utils.py - line:24 - INFO - 读取F:/shunscomtools/IntegrationTool/build/exe.win-amd64-3.9/副本C.xlsx -19008
2024-04-18 15:09:27,822 - excel_utils.py - line:24 - INFO - 读取F:/shunscomtools/IntegrationTool/build/exe.win-amd64-3.9/副本C.xlsx -46156
2024-04-18 15:10:34,440 - excel_utils.py - line:416 - INFO - excel列转行 -46156
2024-04-18 15:10:34,441 - excel_utils.py - line:24 - INFO - 读取F:/shunscomtools/IntegrationTool/build/exe.win-amd64-3.9/副本C.xlsx -46156
2024-04-18 15:11:17,697 - excel_utils.py - line:424 - INFO - excel列转行失败
Traceback (most recent call last):
  File "F:\shunscomtools\IntegrationTool\MyExcel\excel_utils.py", line 419, in do_col2inx
    self.col2inx = pd.melt(self.data, id_vars=id_var, value_vars=value_var).dropna()
  File "F:\shunscomtools\IntegrationTool\venv\lib\site-packages\pandas\core\reshape\melt.py", line 88, in melt
    raise KeyError(
KeyError: "The following 'value_vars' are not present in the DataFrame: ['1', '10', '100', '1000', '1001', '1002', '1003', '1004', '1005', '1006', '1007', '1008', '1009', '101', '1010', '1011', '1012', '1013', '1014', '1015', '1016', '1017', '1018', '1019', '102', '1020', '1021', '1022', '1023', '1024', '1025', '1026', '1027', '1028', '1029', '103', '1030', '1031', '1032', '1033', '1034', '1035', '1036', '1037', '1038', '1039', '104', '1040', '1041', '1042', '1043', '1044', '1045', '1046', '1047', '1048', '1049', '105', '1050', '1051', '1052', '1053', '1054', '1055', '1056', '1057', '1058', '1059', '106', '1060', '1061', '1062', '1063', '1064', '1065', '1066', '1067', '1068', '1069', '107', '1070', '1071', '1072', '1073', '1074', '1075', '1076', '1077', '1078', '1079', '108', '1080', '1081', '1082', '1083', '1084', '1085', '1086', '1087', '1088', '1089', '109', '1090', '1091', '1092', '1093', '1094', '1095', '1096', '1097', '1098', '1099', '11', '110', '1100', '1101', '1102', '1103', '1104', '1105', '1106', '1107', '1108', '1109', '111', '1110', '1111', '1112', '1113', '1114', '1115', '1116', '1117', '1118', '1119', '112', '1120', '1121', '1122', '1123', '1124', '1125', '1126', '1127', '1128', '1129', '113', '1130', '1131', '1132', '1133', '1134', '1135', '1136', '1137', '1138', '1139', '114', '1140', '1141', '1142', '1143', '1144', '1145', '1146', '1147', '1148', '1149', '115', '1150', '1151', '1152', '1153', '1154', '1155', '1156', '1157', '1158', '1159', '116', '1160', '1161', '1162', '1163', '1164', '1165', '1166', '1167', '1168', '1169', '117', '1170', '1171', '1172', '1173', '1174', '1175', '1176', '1177', '1178', '1179', '118', '1180', '1181', '1182', '1183', '1184', '1185', '1186', '1187', '1188', '1189', '119', '1190', '1191', '1192', '1193', '1194', '1195', '1196', '1197', '1198', '1199', '12', '120', '1200', '1201', '1202', '1203', '1204', '1205', '1206', '1207', '1208', '1209', '121', '1210', '1211', '1212', '1213', '1214', '1215', '1216', '1217', '1218', '1219', '122', '1220', '1221', '1222', '1223', '1224', '1225', '1226', '1227', '1228', '1229', '123', '1230', '1231', '1232', '124', '125', '126', '127', '128', '129', '13', '130', '131', '132', '133', '134', '135', '136', '137', '138', '139', '14', '140', '141', '142', '143', '144', '145', '146', '147', '148', '149', '15', '150', '151', '152', '153', '154', '155', '156', '157', '158', '159', '16', '160', '161', '162', '163', '164', '165', '166', '167', '168', '169', '17', '170', '171', '172', '173', '174', '175', '176', '177', '178', '179', '18', '180', '181', '182', '183', '184', '185', '186', '187', '188', '189', '19', '190', '191', '192', '193', '194', '195', '196', '197', '198', '199', '2', '20', '200', '201', '202', '203', '204', '205', '206', '207', '208', '209', '21', '210', '211', '212', '213', '214', '215', '216', '217', '218', '219', '22', '220', '221', '222', '223', '224', '225', '226', '227', '228', '229', '23', '230', '231', '232', '233', '234', '235', '236', '237', '238', '239', '24', '240', '241', '242', '243', '244', '245', '246', '247', '248', '249', '25', '250', '251', '252', '253', '254', '255', '256', '257', '258', '259', '26', '260', '261', '262', '263', '264', '265', '266', '267', '268', '269', '27', '270', '271', '272', '273', '274', '275', '276', '277', '278', '279', '28', '280', '281', '282', '283', '284', '285', '286', '287', '288', '289', '29', '290', '291', '292', '293', '294', '295', '296', '297', '298', '299', '3', '30', '300', '301', '302', '303', '304', '305', '306', '307', '308', '309', '31', '310', '311', '312', '313', '314', '315', '316', '317', '318', '319', '32', '320', '321', '322', '323', '324', '325', '326', '327', '328', '329', '33', '330', '331', '332', '333', '334', '335', '336', '337', '338', '339', '34', '340', '341', '342', '343', '344', '345', '346', '347', '348', '349', '35', '350', '351', '352', '353', '354', '355', '356', '357', '358', '359', '36', '360', '361', '362', '363', '364', '365', '366', '367', '368', '369', '37', '370', '371', '372', '373', '374', '375', '376', '377', '378', '379', '38', '380', '381', '382', '383', '384', '385', '386', '387', '388', '389', '39', '390', '391', '392', '393', '394', '395', '396', '397', '398', '399', '4', '40', '400', '401', '402', '403', '404', '405', '406', '407', '408', '409', '41', '410', '411', '412', '413', '414', '415', '416', '417', '418', '419', '42', '420', '421', '422', '423', '424', '425', '426', '427', '428', '429', '43', '430', '431', '432', '433', '434', '435', '436', '437', '438', '439', '44', '440', '441', '442', '443', '444', '445', '446', '447', '448', '449', '45', '450', '451', '452', '453', '454', '455', '456', '457', '458', '459', '46', '460', '461', '462', '463', '464', '465', '466', '467', '468', '469', '47', '470', '471', '472', '473', '474', '475', '476', '477', '478', '479', '48', '480', '481', '482', '483', '484', '485', '486', '487', '488', '489', '49', '490', '491', '492', '493', '494', '495', '496', '497', '498', '499', '5', '50', '500', '501', '502', '503', '504', '505', '506', '507', '508', '509', '51', '510', '511', '512', '513', '514', '515', '516', '517', '518', '519', '52', '520', '521', '522', '523', '524', '525', '526', '527', '528', '529', '53', '530', '531', '532', '533', '534', '535', '536', '537', '538', '539', '54', '540', '541', '542', '543', '544', '545', '546', '547', '548', '549', '55', '550', '551', '552', '553', '554', '555', '556', '557', '558', '559', '56', '560', '561', '562', '563', '564', '565', '566', '567', '568', '569', '57', '570', '571', '572', '573', '574', '575', '576', '577', '578', '579', '58', '580', '581', '582', '583', '584', '585', '586', '587', '588', '589', '59', '590', '591', '592', '593', '594', '595', '596', '597', '598', '599', '6', '60', '600', '601', '602', '603', '604', '605', '606', '607', '608', '609', '61', '610', '611', '612', '613', '614', '615', '616', '617', '618', '619', '62', '620', '621', '622', '623', '624', '625', '626', '627', '628', '629', '63', '630', '631', '632', '633', '634', '635', '636', '637', '638', '639', '64', '640', '641', '642', '643', '644', '645', '646', '647', '648', '649', '65', '650', '651', '652', '653', '654', '655', '656', '657', '658', '659', '66', '660', '661', '662', '663', '664', '665', '666', '667', '668', '669', '67', '670', '671', '672', '673', '674', '675', '676', '677', '678', '679', '68', '680', '681', '682', '683', '684', '685', '686', '687', '688', '689', '69', '690', '691', '692', '693', '694', '695', '696', '697', '698', '699', '7', '70', '700', '701', '702', '703', '704', '705', '706', '707', '708', '709', '71', '710', '711', '712', '713', '714', '715', '716', '717', '718', '719', '72', '720', '721', '722', '723', '724', '725', '726', '727', '728', '729', '73', '730', '731', '732', '733', '734', '735', '736', '737', '738', '739', '74', '740', '741', '742', '743', '744', '745', '746', '747', '748', '749', '75', '750', '751', '752', '753', '754', '755', '756', '757', '758', '759', '76', '760', '761', '762', '763', '764', '765', '766', '767', '768', '769', '77', '770', '771', '772', '773', '774', '775', '776', '777', '778', '779', '78', '780', '781', '782', '783', '784', '785', '786', '787', '788', '789', '79', '790', '791', '792', '793', '794', '795', '796', '797', '798', '799', '8', '80', '800', '801', '802', '803', '804', '805', '806', '807', '808', '809', '81', '810', '811', '812', '813', '814', '815', '816', '817', '818', '819', '82', '820', '821', '822', '823', '824', '825', '826', '827', '828', '829', '83', '830', '831', '832', '833', '834', '835', '836', '837', '838', '839', '84', '840', '841', '842', '843', '844', '845', '846', '847', '848', '849', '85', '850', '851', '852', '853', '854', '855', '856', '857', '858', '859', '86', '860', '861', '862', '863', '864', '865', '866', '867', '868', '869', '87', '870', '871', '872', '873', '874', '875', '876', '877', '878', '879', '88', '880', '881', '882', '883', '884', '885', '886', '887', '888', '889', '89', '890', '891', '892', '893', '894', '895', '896', '897', '898', '899', '9', '90', '900', '901', '902', '903', '904', '905', '906', '907', '908', '909', '91', '910', '911', '912', '913', '914', '915', '916', '917', '918', '919', '92', '920', '921', '922', '923', '924', '925', '926', '927', '928', '929', '93', '930', '931', '932', '933', '934', '935', '936', '937', '938', '939', '94', '940', '941', '942', '943', '944', '945', '946', '947', '948', '949', '95', '950', '951', '952', '953', '954', '955', '956', '957', '958', '959', '96', '960', '961', '962', '963', '964', '965', '966', '967', '968', '969', '97', '970', '971', '972', '973', '974', '975', '976', '977', '978', '979', '98', '980', '981', '982', '983', '984', '985', '986', '987', '988', '989', '99', '990', '991', '992', '993', '994', '995', '996', '997', '998', '999']"
 -46156
2024-04-18 15:16:01,585 - excel_utils.py - line:24 - INFO - 读取F:/shunscomtools/IntegrationTool/build/exe.win-amd64-3.9/副本C.xlsx -46156
2024-04-18 15:17:03,785 - excel_utils.py - line:416 - INFO - excel列转行 -46156
2024-04-18 15:17:03,785 - excel_utils.py - line:24 - INFO - 读取F:/shunscomtools/IntegrationTool/build/exe.win-amd64-3.9/副本C.xlsx -46156
2024-04-18 15:17:53,647 - excel_utils.py - line:424 - INFO - excel列转行失败
Traceback (most recent call last):
  File "F:\shunscomtools\IntegrationTool\MyExcel\excel_utils.py", line 420, in do_col2inx
    self.col2inx.to_excel(f"{output_dir}/列转行-{os.path.basename(input_excel)}", index=False)
  File "F:\shunscomtools\IntegrationTool\venv\lib\site-packages\pandas\core\generic.py", line 2345, in to_excel
    formatter.write(
  File "F:\shunscomtools\IntegrationTool\venv\lib\site-packages\pandas\io\formats\excel.py", line 932, in write
    raise ValueError(
ValueError: This sheet is too large! Your sheet size is: 1877453, 3 Max sheet size is: 1048576, 16384
 -46156
2024-04-18 15:26:20,206 - excel_utils.py - line:24 - INFO - 读取F:/shunscomtools/IntegrationTool/build/exe.win-amd64-3.9/副本C.xlsx -41516
2024-04-18 15:28:17,973 - excel_utils.py - line:416 - INFO - excel列转行 -41516
2024-04-18 15:28:17,973 - excel_utils.py - line:24 - INFO - 读取F:/shunscomtools/IntegrationTool/build/exe.win-amd64-3.9/副本C.xlsx -41516
2024-04-18 15:29:06,487 - excel_utils.py - line:430 - INFO - excel列转行失败
Traceback (most recent call last):
  File "F:\shunscomtools\IntegrationTool\venv\lib\site-packages\pandas\io\excel\_base.py", line 1153, in __new__
    engine = config.get_option(f"io.excel.{ext}.writer", silent=True)
  File "F:\shunscomtools\IntegrationTool\venv\lib\site-packages\pandas\_config\config.py", line 272, in __call__
    return self.__func__(*args, **kwds)
  File "F:\shunscomtools\IntegrationTool\venv\lib\site-packages\pandas\_config\config.py", line 146, in _get_option
    key = _get_single_key(pat, silent)
  File "F:\shunscomtools\IntegrationTool\venv\lib\site-packages\pandas\_config\config.py", line 132, in _get_single_key
    raise OptionError(f"No such keys(s): {repr(pat)}")
pandas._config.config.OptionError: "No such keys(s): 'io.excel.xlsx-0.writer'"

The above exception was the direct cause of the following exception:

Traceback (most recent call last):
  File "F:\shunscomtools\IntegrationTool\MyExcel\excel_utils.py", line 426, in do_col2inx
    res.to_excel(f"{output_dir}/列转行-{os.path.basename(input_excel)}-{i}", index=False)
  File "F:\shunscomtools\IntegrationTool\venv\lib\site-packages\pandas\core\generic.py", line 2345, in to_excel
    formatter.write(
  File "F:\shunscomtools\IntegrationTool\venv\lib\site-packages\pandas\io\formats\excel.py", line 946, in write
    writer = ExcelWriter(  # type: ignore[abstract]
  File "F:\shunscomtools\IntegrationTool\venv\lib\site-packages\pandas\io\excel\_base.py", line 1157, in __new__
    raise ValueError(f"No engine for filetype: '{ext}'") from err
ValueError: No engine for filetype: 'xlsx-0'
 -41516
2024-04-18 15:31:09,070 - excel_utils.py - line:24 - INFO - 读取F:/shunscomtools/IntegrationTool/build/exe.win-amd64-3.9/副本C.xlsx -24144
2024-04-18 15:32:53,985 - excel_utils.py - line:416 - INFO - excel列转行 -24144
2024-04-18 15:32:53,985 - excel_utils.py - line:24 - INFO - 读取F:/shunscomtools/IntegrationTool/build/exe.win-amd64-3.9/副本C.xlsx -24144
2024-04-18 15:35:05,203 - excel_utils.py - line:430 - INFO - excel列转行完成 -24144
2024-10-09 16:24:07,054 - excel_utils.py - line:228 - INFO - E:/Desktop/中高级2024 (1).xlsx-人员详细表 -35056
2024-10-09 16:24:07,069 - excel_utils.py - line:228 - INFO - E:/Desktop/中高级2024 (1).xlsx-总数量表 -35056
2024-10-09 16:28:55,419 - excel_utils.py - line:228 - INFO - E:/Desktop/中高级2024 (1).xlsx-人员详细表 -12836
2024-10-09 16:28:55,433 - excel_utils.py - line:228 - INFO - E:/Desktop/中高级2024 (1).xlsx-总数量表 -12836
2024-10-09 16:29:42,247 - excel_utils.py - line:228 - INFO - E:/Desktop/中高级2024 (1).xlsx-人员详细表 -52432
2024-10-09 16:29:42,260 - excel_utils.py - line:228 - INFO - E:/Desktop/中高级2024 (1).xlsx-总数量表 -52432
2024-10-09 16:31:53,342 - excel_utils.py - line:228 - INFO - E:/Desktop/中高级2024 (1).xlsx-人员详细表 -38440
2024-10-09 16:31:53,370 - excel_utils.py - line:228 - INFO - E:/Desktop/中高级2024 (1).xlsx-总数量表 -38440
2024-10-09 16:34:21,076 - excel_utils.py - line:228 - INFO - E:/Desktop/中高级2024 (1).xlsx-人员详细表 -1576
2024-10-09 16:34:21,102 - excel_utils.py - line:228 - INFO - E:/Desktop/中高级2024 (1).xlsx-总数量表 -1576
2024-10-09 16:34:58,942 - excel_utils.py - line:228 - INFO - E:/Desktop/中高级2024 (1).xlsx-人员详细表 -48796
2024-10-09 16:34:58,973 - excel_utils.py - line:228 - INFO - E:/Desktop/中高级2024 (1).xlsx-总数量表 -48796
2024-10-09 16:35:32,683 - excel_utils.py - line:228 - INFO - E:/Desktop/中高级2024 (1).xlsx-人员详细表 -22444
2024-10-09 16:35:32,716 - excel_utils.py - line:228 - INFO - E:/Desktop/中高级2024 (1).xlsx-总数量表 -22444
2024-10-09 16:40:13,104 - excel_utils.py - line:228 - INFO - E:/Desktop/中高级2024 (1).xlsx-人员详细表 -57064
2024-10-09 16:41:45,876 - excel_utils.py - line:228 - INFO - E:/Desktop/中高级2024 (1).xlsx-人员详细表 -61540
2024-10-09 16:42:40,621 - excel_utils.py - line:228 - INFO - E:/Desktop/中高级2024 (1).xlsx-人员详细表 -4796
2024-10-09 16:43:24,385 - excel_utils.py - line:228 - INFO - E:/Desktop/中高级2024 (1).xlsx-人员详细表 -57296
2024-10-09 16:43:24,411 - excel_utils.py - line:228 - INFO - E:/Desktop/中高级2024 (1).xlsx-总数量表 -57296
2024-10-09 16:44:46,057 - excel_utils.py - line:229 - INFO - E:/Desktop/中高级2024 (1).xlsx-人员详细表 -57368
2024-10-09 16:44:46,074 - excel_utils.py - line:229 - INFO - E:/Desktop/中高级2024 (1).xlsx-总数量表 -57368
2024-10-09 16:45:23,317 - excel_utils.py - line:179 - INFO - E:/Desktop/中高级2024 (1).xlsx-总数量表 -57368
2024-10-09 16:45:23,330 - excel_utils.py - line:179 - INFO - E:/Desktop/中高级2024 (1).xlsx-人员详细表 -57368
2024-10-09 16:45:27,694 - excel_utils.py - line:179 - INFO - E:/Desktop/中高级2024.xlsx-总数量表 -57368
2024-10-09 16:45:27,708 - excel_utils.py - line:179 - INFO - E:/Desktop/中高级2024.xlsx-人员详细表 -57368
2024-10-09 16:45:31,807 - excel_utils.py - line:204 - INFO - 正在合并人员详细表 -57368
2024-10-09 16:45:31,919 - excel_utils.py - line:204 - INFO - 正在合并人员详细表 -57368
2024-10-09 16:47:24,622 - excel_utils.py - line:179 - INFO - E:/Desktop/中高级2024 (1).xlsx-总数量表 -60288
2024-10-09 16:47:24,641 - excel_utils.py - line:179 - INFO - E:/Desktop/中高级2024 (1).xlsx-人员详细表 -60288
2024-10-09 16:47:55,028 - excel_utils.py - line:179 - INFO - E:/Desktop/中高级2024 (1).xlsx-总数量表 -60288
2024-10-09 16:47:55,046 - excel_utils.py - line:179 - INFO - E:/Desktop/中高级2024 (1).xlsx-人员详细表 -60288
2024-10-09 16:51:23,815 - excel_utils.py - line:85 - INFO - 合并excelE:/Desktop/中高级2024 (1).xlsx -63476
2024-10-09 16:51:23,815 - excel_utils.py - line:24 - INFO - 读取E:/Desktop/中高级2024 (1).xlsx -63476
2024-10-09 16:51:23,840 - excel_utils.py - line:85 - INFO - 合并excelE:/Desktop/中高级2024.xlsx -63476
2024-10-09 16:51:23,840 - excel_utils.py - line:24 - INFO - 读取E:/Desktop/中高级2024.xlsx -63476
2024-10-09 16:52:23,719 - excel_utils.py - line:85 - INFO - 合并excelE:/Desktop/中高级2024 (1) (1).xlsx -63476
2024-10-09 16:52:23,719 - excel_utils.py - line:24 - INFO - 读取E:/Desktop/中高级2024 (1) (1).xlsx -63476
2024-10-09 16:52:23,741 - excel_utils.py - line:85 - INFO - 合并excelE:/Desktop/中高级2024 (1).xlsx -63476
2024-10-09 16:52:23,741 - excel_utils.py - line:24 - INFO - 读取E:/Desktop/中高级2024 (1).xlsx -63476
2024-10-09 16:53:35,243 - excel_utils.py - line:85 - INFO - 合并excelE:/Desktop/中高级2024 (1) (1).xlsx -27540
2024-10-09 16:53:35,243 - excel_utils.py - line:24 - INFO - 读取E:/Desktop/中高级2024 (1) (1).xlsx -27540
2024-10-09 16:53:35,262 - excel_utils.py - line:85 - INFO - 合并excelE:/Desktop/中高级2024.xlsx -27540
2024-10-09 16:53:35,263 - excel_utils.py - line:24 - INFO - 读取E:/Desktop/中高级2024.xlsx -27540
2024-10-09 16:58:23,051 - excel_utils.py - line:228 - INFO - E:/Desktop/副本中高级2024.xlsx-人员详细表 -12364
2024-10-09 16:58:23,068 - excel_utils.py - line:228 - INFO - E:/Desktop/副本中高级2024.xlsx-Sheet1 -12364
2024-10-09 16:58:27,582 - excel_utils.py - line:252 - INFO - 正在合并Sheet1 -12364
2024-10-09 16:59:19,482 - excel_utils.py - line:228 - INFO - E:/Desktop/副本中高级2024.xlsx-人员详细表 -12364
2024-10-09 16:59:19,494 - excel_utils.py - line:228 - INFO - E:/Desktop/副本中高级2024.xlsx-Sheet1 -12364
2024-10-09 17:00:56,811 - excel_utils.py - line:228 - INFO - E:/Desktop/副本中高级2024.xlsx-人员详细表 -39532
2024-10-09 17:00:56,821 - excel_utils.py - line:228 - INFO - E:/Desktop/副本中高级2024.xlsx-Sheet1 -39532
2024-10-09 17:04:36,149 - excel_utils.py - line:228 - INFO - E:/Desktop/副本中高级2024.xlsx-人员详细表 -64596
2024-10-09 17:04:36,160 - excel_utils.py - line:228 - INFO - E:/Desktop/副本中高级2024.xlsx-Sheet1 -64596
2024-10-09 17:05:58,239 - excel_utils.py - line:228 - INFO - E:/Desktop/副本中高级2024.xlsx-人员详细表 -62732
